12:55:58.314 [TestNG-test=Test-2] INFO  tests.LoginTest - ---------------------------
12:55:58.356 [TestNG-test=Test-2] INFO  tests.LoginTest - Driver is initialized
12:56:01.963 [TestNG-test=Test-2] INFO  tests.LoginTest - Logging in with e-mail: aidah1803@gmail.com
12:56:03.102 [TestNG-test=Test-2] INFO  tests.LoginTest - Login successful with: aidah1803@gmail.com
12:56:04.282 [TestNG-test=Test-2] INFO  tests.LoginTest - Driver closed
12:56:11.213 [TestNG-test=Test-4] INFO  tests.ValidateNavBarTest - ---------------------------
12:56:11.215 [TestNG-test=Test-4] INFO  tests.ValidateNavBarTest - Driver is initialized
12:56:12.433 [TestNG-test=Test-4] INFO  tests.ValidateNavBarTest - Nav bar displayed
12:56:14.118 [TestNG-test=Test-1] INFO  tests.ForgetPasswordTest - ---------------------------
12:56:14.118 [TestNG-test=Test-1] INFO  tests.ForgetPasswordTest - Driver is initialized
12:56:17.028 [TestNG-test=Test-1] INFO  tests.ForgetPasswordTest - Forgot password link works
12:56:17.147 [TestNG-test=Test-4] INFO  tests.ValidateNavBarTest - Driver closed
12:56:18.347 [TestNG-test=Test-1] INFO  tests.ForgetPasswordTest - Driver closed
12:56:19.769 [TestNG-test=Test-2] INFO  tests.LoginTest - ---------------------------
12:56:19.770 [TestNG-test=Test-2] INFO  tests.LoginTest - Driver is initialized
12:56:19.896 [TestNG-test=Test-3] INFO  tests.ValidateTitleTest - ---------------------------
12:56:19.896 [TestNG-test=Test-3] INFO  tests.ValidateTitleTest - Driver is initialized
12:56:20.411 [TestNG-test=Test-3] INFO  tests.ValidateTitleTest - Header text matches
12:56:20.664 [TestNG-test=Test-3] INFO  tests.ValidateTitleTest - Driver closed
12:56:21.835 [TestNG-test=Test-2] INFO  tests.LoginTest - Logging in with e-mail: komora.aida@gmail.com
12:56:22.699 [TestNG-test=Test-2] ERROR tests.Listeners - login failed to execute
12:56:23.001 [TestNG-test=Test-2] INFO  tests.LoginTest - Driver closed
10:37:58.553 [TestNG-test=Test-4] INFO  tests.ValidateNavBarTest - ---------------------------
10:37:58.561 [TestNG-test=Test-4] INFO  tests.ValidateNavBarTest - Driver is initialized
10:37:59.335 [TestNG-test=Test-4] INFO  tests.ValidateNavBarTest - Nav bar displayed
10:37:59.839 [TestNG-test=Test-4] INFO  tests.ValidateNavBarTest - Driver closed
10:38:04.583 [TestNG-test=Test-2] INFO  tests.LoginTest - ---------------------------
10:38:04.583 [TestNG-test=Test-2] INFO  tests.LoginTest - Driver is initialized
10:38:05.272 [TestNG-test=Test-1] INFO  tests.ForgetPasswordTest - ---------------------------
10:38:05.272 [TestNG-test=Test-1] INFO  tests.ForgetPasswordTest - Driver is initialized
10:38:05.660 [TestNG-test=Test-3] INFO  tests.ValidateTitleTest - ---------------------------
10:38:05.660 [TestNG-test=Test-3] INFO  tests.ValidateTitleTest - Driver is initialized
10:38:05.804 [TestNG-test=Test-3] INFO  tests.ValidateTitleTest - Header text matches
10:38:05.924 [TestNG-test=Test-3] INFO  tests.ValidateTitleTest - Driver closed
10:38:05.932 [TestNG-test=Test-2] INFO  tests.LoginTest - Logging in with e-mail: aidah1803@gmail.com
10:38:06.214 [TestNG-test=Test-2] INFO  tests.LoginTest - Login successful with: aidah1803@gmail.com
10:38:06.294 [TestNG-test=Test-2] INFO  tests.LoginTest - Driver closed
10:38:06.894 [TestNG-test=Test-1] INFO  tests.ForgetPasswordTest - Forgot password link works
10:38:07.463 [TestNG-test=Test-1] INFO  tests.ForgetPasswordTest - Driver closed
10:38:20.238 [TestNG-test=Test-2] INFO  tests.LoginTest - ---------------------------
10:38:20.238 [TestNG-test=Test-2] INFO  tests.LoginTest - Driver is initialized
10:38:21.694 [TestNG-test=Test-2] INFO  tests.LoginTest - Logging in with e-mail: komora.aida@gmail.com
10:38:21.963 [TestNG-test=Test-2] ERROR tests.Listeners - login failed to execute
10:38:22.090 [TestNG-test=Test-2] INFO  tests.LoginTest - Driver closed
10:40:41.571 [TestNG-test=Test-1] INFO  tests.ForgetPasswordTest - ---------------------------
10:40:41.704 [TestNG-test=Test-1] INFO  tests.ForgetPasswordTest - Driver is initialized
10:40:42.066 [TestNG-test=Test-4] INFO  tests.ValidateNavBarTest - ---------------------------
10:40:42.067 [TestNG-test=Test-4] INFO  tests.ValidateNavBarTest - Driver is initialized
10:40:42.088 [TestNG-test=Test-2] INFO  tests.LoginTest - ---------------------------
10:40:42.089 [TestNG-test=Test-2] INFO  tests.LoginTest - Driver is initialized
10:40:43.503 [TestNG-test=Test-4] INFO  tests.ValidateNavBarTest - Nav bar displayed
10:40:44.641 [TestNG-test=Test-3] INFO  tests.ValidateTitleTest - ---------------------------
10:40:44.642 [TestNG-test=Test-3] INFO  tests.ValidateTitleTest - Driver is initialized
10:40:45.552 [TestNG-test=Test-2] INFO  tests.LoginTest - Logging in with e-mail: aidah1803@gmail.com
10:40:45.795 [TestNG-test=Test-3] INFO  tests.ValidateTitleTest - Header text matches
10:40:46.382 [TestNG-test=Test-1] INFO  tests.ForgetPasswordTest - Forgot password link works
10:40:46.572 [TestNG-test=Test-2] INFO  tests.LoginTest - Login successful with: aidah1803@gmail.com
10:40:47.488 [TestNG-test=Test-1] INFO  tests.ForgetPasswordTest - Driver closed
10:40:47.489 [TestNG-test=Test-3] INFO  tests.ValidateTitleTest - Driver closed
10:40:47.772 [TestNG-test=Test-2] INFO  tests.LoginTest - Driver closed
10:40:49.151 [TestNG-test=Test-4] INFO  tests.ValidateNavBarTest - Driver closed
10:41:06.974 [TestNG-test=Test-2] INFO  tests.LoginTest - ---------------------------
10:41:06.975 [TestNG-test=Test-2] INFO  tests.LoginTest - Driver is initialized
10:41:08.500 [TestNG-test=Test-2] INFO  tests.LoginTest - Logging in with e-mail: komora.aida@gmail.com
10:41:09.524 [TestNG-test=Test-2] ERROR tests.Listeners - login failed to execute
10:41:09.619 [TestNG-test=Test-2] INFO  tests.LoginTest - Driver closed
09:53:25.574 [TestNG-test=Test-4] INFO  tests.ValidateNavBarTest - ---------------------------
09:53:25.587 [TestNG-test=Test-4] INFO  tests.ValidateNavBarTest - Driver is initialized
09:53:25.987 [TestNG-test=Test-4] INFO  tests.ValidateNavBarTest - Nav bar displayed
09:53:26.181 [TestNG-test=Test-3] INFO  tests.ValidateTitleTest - ---------------------------
09:53:26.182 [TestNG-test=Test-3] INFO  tests.ValidateTitleTest - Driver is initialized
09:53:27.132 [TestNG-test=Test-3] INFO  tests.ValidateTitleTest - Header text matches
09:53:27.312 [TestNG-test=Test-3] INFO  tests.ValidateTitleTest - Driver closed
09:53:27.673 [TestNG-test=Test-2] INFO  tests.LoginTest - ---------------------------
09:53:27.674 [TestNG-test=Test-2] INFO  tests.LoginTest - Driver is initialized
09:53:29.293 [TestNG-test=Test-2] INFO  tests.LoginTest - Logging in with e-mail: aidah1803@gmail.com
09:53:29.676 [TestNG-test=Test-2] INFO  tests.LoginTest - Login successful with: aidah1803@gmail.com
09:53:29.804 [TestNG-test=Test-2] INFO  tests.LoginTest - Driver closed
09:53:30.473 [TestNG-test=Test-1] INFO  tests.ForgetPasswordTest - ---------------------------
09:53:30.474 [TestNG-test=Test-1] INFO  tests.ForgetPasswordTest - Driver is initialized
09:53:30.502 [TestNG-test=Test-4] INFO  tests.ValidateNavBarTest - Driver closed
09:53:33.147 [TestNG-test=Test-1] INFO  tests.ForgetPasswordTest - Forgot password link works
09:53:33.610 [TestNG-test=Test-1] INFO  tests.ForgetPasswordTest - Driver closed
09:53:51.773 [TestNG-test=Test-2] INFO  tests.LoginTest - ---------------------------
09:53:51.774 [TestNG-test=Test-2] INFO  tests.LoginTest - Driver is initialized
09:53:54.526 [TestNG-test=Test-2] INFO  tests.LoginTest - Logging in with e-mail: komora.aida@gmail.com
09:53:55.048 [TestNG-test=Test-2] ERROR tests.Listeners - login failed to execute
09:53:55.231 [TestNG-test=Test-2] INFO  tests.LoginTest - Driver closed
10:41:04.702 [TestNG-test=Test-2] INFO  tests.LoginTest - ---------------------------
10:41:04.708 [TestNG-test=Test-2] INFO  tests.LoginTest - Driver is initialized
10:41:07.361 [TestNG-test=Test-2] INFO  tests.LoginTest - Logging in with e-mail: aidah1803@gmail.com
10:41:07.552 [TestNG-test=Test-2] INFO  tests.LoginTest - Login successful with: aidah1803@gmail.com
10:41:07.628 [TestNG-test=Test-2] INFO  tests.LoginTest - Driver closed
10:41:08.724 [TestNG-test=Test-1] INFO  tests.ForgetPasswordTest - ---------------------------
10:41:08.725 [TestNG-test=Test-1] INFO  tests.ForgetPasswordTest - Driver is initialized
10:41:09.071 [TestNG-test=Test-3] INFO  tests.ValidateTitleTest - ---------------------------
10:41:09.072 [TestNG-test=Test-3] INFO  tests.ValidateTitleTest - Driver is initialized
10:41:09.117 [TestNG-test=Test-4] INFO  tests.ValidateNavBarTest - ---------------------------
10:41:09.118 [TestNG-test=Test-4] INFO  tests.ValidateNavBarTest - Driver is initialized
10:41:09.274 [TestNG-test=Test-3] INFO  tests.ValidateTitleTest - Header text matches
10:41:09.359 [TestNG-test=Test-4] INFO  tests.ValidateNavBarTest - Nav bar displayed
10:41:09.426 [TestNG-test=Test-3] INFO  tests.ValidateTitleTest - Driver closed
10:41:09.480 [TestNG-test=Test-4] INFO  tests.ValidateNavBarTest - Driver closed
10:41:10.443 [TestNG-test=Test-1] INFO  tests.ForgetPasswordTest - Forgot password link works
10:41:15.853 [TestNG-test=Test-1] INFO  tests.ForgetPasswordTest - Driver closed
10:41:21.726 [TestNG-test=Test-2] INFO  tests.LoginTest - ---------------------------
10:41:21.726 [TestNG-test=Test-2] INFO  tests.LoginTest - Driver is initialized
10:41:23.143 [TestNG-test=Test-2] INFO  tests.LoginTest - Logging in with e-mail: komora.aida@gmail.com
10:41:23.389 [TestNG-test=Test-2] ERROR tests.Listeners - login failed to execute
10:41:23.458 [TestNG-test=Test-2] INFO  tests.LoginTest - Driver closed
09:55:37.776 [TestNG-test=Test-1] INFO  tests.ForgetPasswordTest - ---------------------------
09:55:37.784 [TestNG-test=Test-1] INFO  tests.ForgetPasswordTest - Driver is initialized
09:55:39.564 [TestNG-test=Test-1] INFO  tests.ForgetPasswordTest - Forgot password link works
09:55:39.839 [TestNG-test=Test-1] INFO  tests.ForgetPasswordTest - Driver closed
09:55:53.514 [TestNG-test=Test-2] INFO  tests.LoginTest - ---------------------------
09:55:53.514 [TestNG-test=Test-2] INFO  tests.LoginTest - Driver is initialized
09:55:54.926 [TestNG-test=Test-2] INFO  tests.LoginTest - Logging in with e-mail: aidah1803@gmail.com
09:55:55.130 [TestNG-test=Test-2] INFO  tests.LoginTest - Login successful with: aidah1803@gmail.com
09:55:55.210 [TestNG-test=Test-2] INFO  tests.LoginTest - Driver closed
09:56:02.910 [TestNG-test=Test-3] INFO  tests.ValidateTitleTest - ---------------------------
09:56:02.910 [TestNG-test=Test-3] INFO  tests.ValidateTitleTest - Driver is initialized
09:56:03.019 [TestNG-test=Test-3] INFO  tests.ValidateTitleTest - Header text matches
09:56:03.118 [TestNG-test=Test-3] INFO  tests.ValidateTitleTest - Driver closed
09:56:05.278 [TestNG-test=Test-4] INFO  tests.ValidateNavBarTest - ---------------------------
09:56:05.278 [TestNG-test=Test-4] INFO  tests.ValidateNavBarTest - Driver is initialized
09:56:05.434 [TestNG-test=Test-4] INFO  tests.ValidateNavBarTest - Nav bar displayed
09:56:05.530 [TestNG-test=Test-4] INFO  tests.ValidateNavBarTest - Driver closed
09:56:14.155 [TestNG-test=Test-2] INFO  tests.LoginTest - ---------------------------
09:56:14.155 [TestNG-test=Test-2] INFO  tests.LoginTest - Driver is initialized
09:56:15.550 [TestNG-test=Test-2] INFO  tests.LoginTest - Logging in with e-mail: komora.aida@gmail.com
09:56:15.808 [TestNG-test=Test-2] ERROR tests.Listeners - login failed to execute
09:56:15.910 [TestNG-test=Test-2] INFO  tests.LoginTest - Driver closed
09:05:32.716 [TestNG-test=Test-1] INFO  tests.ForgetPasswordTest - ---------------------------
09:05:32.726 [TestNG-test=Test-1] INFO  tests.ForgetPasswordTest - Driver is initialized
09:05:34.479 [TestNG-test=Test-1] INFO  tests.ForgetPasswordTest - Forgot password link works
09:05:34.797 [TestNG-test=Test-1] INFO  tests.ForgetPasswordTest - Driver closed
09:05:47.602 [TestNG-test=Test-2] INFO  tests.LoginTest - ---------------------------
09:05:47.605 [TestNG-test=Test-2] INFO  tests.LoginTest - Driver is initialized
09:05:50.680 [TestNG-test=Test-2] INFO  tests.LoginTest - Logging in with e-mail: aidah1803@gmail.com
09:05:50.893 [TestNG-test=Test-2] INFO  tests.LoginTest - Login successful with: aidah1803@gmail.com
09:05:50.947 [TestNG-test=Test-2] INFO  tests.LoginTest - Driver closed
09:05:53.164 [TestNG-test=Test-4] INFO  tests.ValidateNavBarTest - ---------------------------
09:05:53.164 [TestNG-test=Test-4] INFO  tests.ValidateNavBarTest - Driver is initialized
09:05:53.176 [TestNG-test=Test-3] INFO  tests.ValidateTitleTest - ---------------------------
09:05:53.177 [TestNG-test=Test-3] INFO  tests.ValidateTitleTest - Driver is initialized
09:05:53.409 [TestNG-test=Test-3] INFO  tests.ValidateTitleTest - Header text matches
09:05:53.417 [TestNG-test=Test-4] INFO  tests.ValidateNavBarTest - Nav bar displayed
09:05:53.659 [TestNG-test=Test-4] INFO  tests.ValidateNavBarTest - Driver closed
09:05:57.590 [TestNG-test=Test-3] INFO  tests.ValidateTitleTest - Driver closed
09:06:10.615 [TestNG-test=Test-2] INFO  tests.LoginTest - ---------------------------
09:06:10.616 [TestNG-test=Test-2] INFO  tests.LoginTest - Driver is initialized
09:06:11.793 [TestNG-test=Test-2] INFO  tests.LoginTest - Logging in with e-mail: komora.aida@gmail.com
09:06:12.059 [TestNG-test=Test-2] ERROR tests.Listeners - login failed to execute
09:06:12.148 [TestNG-test=Test-2] INFO  tests.LoginTest - Driver closed
11:13:08.262 [TestNG-test=Test-1] INFO  tests.ForgetPasswordTest - ---------------------------
11:13:08.266 [TestNG-test=Test-1] INFO  tests.ForgetPasswordTest - Driver is initialized
11:13:10.190 [TestNG-test=Test-1] INFO  tests.ForgetPasswordTest - Forgot password link works
11:13:10.506 [TestNG-test=Test-1] INFO  tests.ForgetPasswordTest - Driver closed
11:13:23.861 [TestNG-test=Test-4] INFO  tests.ValidateNavBarTest - ---------------------------
11:13:23.862 [TestNG-test=Test-4] INFO  tests.ValidateNavBarTest - Driver is initialized
11:13:24.008 [TestNG-test=Test-4] INFO  tests.ValidateNavBarTest - Nav bar displayed
11:13:24.116 [TestNG-test=Test-4] INFO  tests.ValidateNavBarTest - Driver closed
11:13:31.954 [TestNG-test=Test-3] INFO  tests.ValidateTitleTest - ---------------------------
11:13:31.954 [TestNG-test=Test-3] INFO  tests.ValidateTitleTest - Driver is initialized
11:13:32.098 [TestNG-test=Test-3] INFO  tests.ValidateTitleTest - Header text matches
11:13:32.186 [TestNG-test=Test-3] INFO  tests.ValidateTitleTest - Driver closed
11:13:41.429 [TestNG-test=Test-2] INFO  tests.LoginTest - ---------------------------
11:13:41.429 [TestNG-test=Test-2] INFO  tests.LoginTest - Driver is initialized
11:13:42.896 [TestNG-test=Test-2] INFO  tests.LoginTest - Logging in with e-mail: aidah1803@gmail.com
11:13:43.056 [TestNG-test=Test-2] INFO  tests.LoginTest - Login successful with: aidah1803@gmail.com
11:13:43.124 [TestNG-test=Test-2] INFO  tests.LoginTest - Driver closed
11:14:21.708 [TestNG-test=Test-2] INFO  tests.LoginTest - ---------------------------
11:14:21.708 [TestNG-test=Test-2] INFO  tests.LoginTest - Driver is initialized
11:14:23.058 [TestNG-test=Test-2] INFO  tests.LoginTest - Logging in with e-mail: komora.aida@gmail.com
11:14:23.371 [TestNG-test=Test-2] ERROR tests.Listeners - login failed to execute
11:14:23.456 [TestNG-test=Test-2] INFO  tests.LoginTest - Driver closed
09:30:35.387 [TestNG-test=Test-3] INFO  tests.ValidateTitleTest - ---------------------------
09:30:35.387 [TestNG-test=Test-3] INFO  tests.ValidateTitleTest - Driver is initialized
09:30:35.583 [TestNG-test=Test-3] INFO  tests.ValidateTitleTest - Header text matches
09:30:35.623 [TestNG-test=Test-4] INFO  tests.ValidateNavBarTest - ---------------------------
09:30:35.623 [TestNG-test=Test-4] INFO  tests.ValidateNavBarTest - Driver is initialized
09:30:35.700 [TestNG-test=Test-1] INFO  tests.ForgetPasswordTest - ---------------------------
09:30:35.700 [TestNG-test=Test-1] INFO  tests.ForgetPasswordTest - Driver is initialized
09:30:35.764 [TestNG-test=Test-3] INFO  tests.ValidateTitleTest - Driver closed
09:30:35.852 [TestNG-test=Test-2] INFO  tests.LoginTest - ---------------------------
09:30:35.860 [TestNG-test=Test-2] INFO  tests.LoginTest - Driver is initialized
09:30:35.868 [TestNG-test=Test-4] INFO  tests.ValidateNavBarTest - Nav bar displayed
09:30:36.134 [TestNG-test=Test-4] INFO  tests.ValidateNavBarTest - Driver closed
09:30:37.256 [TestNG-test=Test-2] INFO  tests.LoginTest - Logging in with e-mail: aidah1803@gmail.com
09:30:37.297 [TestNG-test=Test-1] INFO  tests.ForgetPasswordTest - Forgot password link works
09:30:37.483 [TestNG-test=Test-2] INFO  tests.LoginTest - Login successful with: aidah1803@gmail.com
09:30:37.550 [TestNG-test=Test-2] INFO  tests.LoginTest - Driver closed
09:30:37.663 [TestNG-test=Test-1] INFO  tests.ForgetPasswordTest - Driver closed
09:30:50.561 [TestNG-test=Test-2] INFO  tests.LoginTest - ---------------------------
09:30:50.561 [TestNG-test=Test-2] INFO  tests.LoginTest - Driver is initialized
09:30:51.718 [TestNG-test=Test-2] INFO  tests.LoginTest - Logging in with e-mail: komora.aida@gmail.com
09:30:52.030 [TestNG-test=Test-2] ERROR tests.Listeners - login failed to execute
09:30:52.092 [TestNG-test=Test-2] INFO  tests.LoginTest - Driver closed
11:47:08.725 [TestNG-test=Test-4] INFO  tests.ValidateNavBarTest - ---------------------------
11:47:08.731 [TestNG-test=Test-4] INFO  tests.ValidateNavBarTest - Driver is initialized
11:47:08.971 [TestNG-test=Test-4] INFO  tests.ValidateNavBarTest - Nav bar displayed
11:47:09.179 [TestNG-test=Test-4] INFO  tests.ValidateNavBarTest - Driver closed
11:47:11.569 [TestNG-test=Test-1] INFO  tests.ForgetPasswordTest - ---------------------------
11:47:11.569 [TestNG-test=Test-1] INFO  tests.ForgetPasswordTest - Driver is initialized
11:47:12.977 [TestNG-test=Test-3] INFO  tests.ValidateTitleTest - ---------------------------
11:47:12.977 [TestNG-test=Test-3] INFO  tests.ValidateTitleTest - Driver is initialized
11:47:13.107 [TestNG-test=Test-3] INFO  tests.ValidateTitleTest - Header text matches
11:47:13.107 [TestNG-test=Test-2] INFO  tests.LoginTest - ---------------------------
11:47:13.107 [TestNG-test=Test-2] INFO  tests.LoginTest - Driver is initialized
11:47:13.147 [TestNG-test=Test-1] INFO  tests.ForgetPasswordTest - Forgot password link works
11:47:13.334 [TestNG-test=Test-3] INFO  tests.ValidateTitleTest - Driver closed
11:47:13.422 [TestNG-test=Test-1] INFO  tests.ForgetPasswordTest - Driver closed
11:47:14.385 [TestNG-test=Test-2] INFO  tests.LoginTest - Logging in with e-mail: aidah1803@gmail.com
11:47:14.556 [TestNG-test=Test-2] INFO  tests.LoginTest - Login successful with: aidah1803@gmail.com
11:47:14.609 [TestNG-test=Test-2] INFO  tests.LoginTest - Driver closed
11:47:33.706 [TestNG-test=Test-2] INFO  tests.LoginTest - ---------------------------
11:47:33.706 [TestNG-test=Test-2] INFO  tests.LoginTest - Driver is initialized
11:47:35.217 [TestNG-test=Test-2] INFO  tests.LoginTest - Logging in with e-mail: komora.aida@gmail.com
11:47:35.473 [TestNG-test=Test-2] ERROR tests.Listeners - login failed to execute
11:47:35.514 [TestNG-test=Test-2] INFO  tests.LoginTest - Driver closed
09:04:39.299 [TestNG-test=Test-2] INFO  tests.LoginTest - ---------------------------
09:04:39.308 [TestNG-test=Test-2] INFO  tests.LoginTest - Driver is initialized
09:04:40.212 [TestNG-test=Test-1] INFO  tests.ForgetPasswordTest - ---------------------------
09:04:40.213 [TestNG-test=Test-1] INFO  tests.ForgetPasswordTest - Driver is initialized
09:04:40.551 [TestNG-test=Test-2] INFO  tests.LoginTest - Logging in with e-mail: aidah1803@gmail.com
09:04:40.805 [TestNG-test=Test-2] INFO  tests.LoginTest - Login successful with: aidah1803@gmail.com
09:04:41.111 [TestNG-test=Test-2] INFO  tests.LoginTest - Driver closed
09:04:41.883 [TestNG-test=Test-1] INFO  tests.ForgetPasswordTest - Forgot password link works
09:04:42.543 [TestNG-test=Test-1] INFO  tests.ForgetPasswordTest - Driver closed
09:04:46.877 [TestNG-test=Test-3] INFO  tests.ValidateTitleTest - ---------------------------
09:04:46.877 [TestNG-test=Test-3] INFO  tests.ValidateTitleTest - Driver is initialized
09:04:47.044 [TestNG-test=Test-3] INFO  tests.ValidateTitleTest - Header text matches
09:04:47.268 [TestNG-test=Test-3] INFO  tests.ValidateTitleTest - Driver closed
09:04:47.337 [TestNG-test=Test-4] INFO  tests.ValidateNavBarTest - ---------------------------
09:04:47.337 [TestNG-test=Test-4] INFO  tests.ValidateNavBarTest - Driver is initialized
09:04:47.559 [TestNG-test=Test-4] INFO  tests.ValidateNavBarTest - Nav bar displayed
09:04:47.689 [TestNG-test=Test-4] INFO  tests.ValidateNavBarTest - Driver closed
09:05:16.095 [TestNG-test=Test-2] INFO  tests.LoginTest - ---------------------------
09:05:16.095 [TestNG-test=Test-2] INFO  tests.LoginTest - Driver is initialized
09:05:17.343 [TestNG-test=Test-2] INFO  tests.LoginTest - Logging in with e-mail: komora.aida@gmail.com
09:05:17.665 [TestNG-test=Test-2] ERROR tests.Listeners - login failed to execute
09:05:17.738 [TestNG-test=Test-2] INFO  tests.LoginTest - Driver closed
11:40:27.797 [TestNG-test=Test-3] INFO  tests.ValidateTitleTest - ---------------------------
11:40:27.805 [TestNG-test=Test-3] INFO  tests.ValidateTitleTest - Driver is initialized
11:40:28.005 [TestNG-test=Test-3] INFO  tests.ValidateTitleTest - Header text matches
11:40:28.304 [TestNG-test=Test-3] INFO  tests.ValidateTitleTest - Driver closed
11:40:43.603 [TestNG-test=Test-1] INFO  tests.ForgetPasswordTest - ---------------------------
11:40:43.603 [TestNG-test=Test-1] INFO  tests.ForgetPasswordTest - Driver is initialized
11:40:45.014 [TestNG-test=Test-1] INFO  tests.ForgetPasswordTest - Forgot password link works
11:40:45.248 [TestNG-test=Test-1] INFO  tests.ForgetPasswordTest - Driver closed
11:40:47.781 [TestNG-test=Test-4] INFO  tests.ValidateNavBarTest - ---------------------------
11:40:47.781 [TestNG-test=Test-4] INFO  tests.ValidateNavBarTest - Driver is initialized
11:40:47.907 [TestNG-test=Test-4] INFO  tests.ValidateNavBarTest - Nav bar displayed
11:40:48.016 [TestNG-test=Test-4] INFO  tests.ValidateNavBarTest - Driver closed
11:40:50.057 [TestNG-test=Test-2] INFO  tests.LoginTest - ---------------------------
11:40:50.059 [TestNG-test=Test-2] INFO  tests.LoginTest - Driver is initialized
11:40:51.402 [TestNG-test=Test-2] INFO  tests.LoginTest - Logging in with e-mail: aidah1803@gmail.com
11:40:51.568 [TestNG-test=Test-2] INFO  tests.LoginTest - Login successful with: aidah1803@gmail.com
11:40:51.626 [TestNG-test=Test-2] INFO  tests.LoginTest - Driver closed
11:41:10.393 [TestNG-test=Test-2] INFO  tests.LoginTest - ---------------------------
11:41:10.394 [TestNG-test=Test-2] INFO  tests.LoginTest - Driver is initialized
11:41:11.488 [TestNG-test=Test-2] INFO  tests.LoginTest - Logging in with e-mail: komora.aida@gmail.com
11:41:11.783 [TestNG-test=Test-2] ERROR tests.Listeners - login failed to execute
11:41:11.837 [TestNG-test=Test-2] INFO  tests.LoginTest - Driver closed
10:08:36.968 [TestNG-test=Test-2] INFO  tests.LoginTest - ---------------------------
10:08:36.974 [TestNG-test=Test-2] INFO  tests.LoginTest - Driver is initialized
10:08:38.409 [TestNG-test=Test-2] INFO  tests.LoginTest - Logging in with e-mail: aidah1803@gmail.com
10:08:38.681 [TestNG-test=Test-2] INFO  tests.LoginTest - Login successful with: aidah1803@gmail.com
10:08:38.897 [TestNG-test=Test-2] INFO  tests.LoginTest - Driver closed
10:08:52.843 [TestNG-test=Test-4] INFO  tests.ValidateNavBarTest - ---------------------------
10:08:52.847 [TestNG-test=Test-4] INFO  tests.ValidateNavBarTest - Driver is initialized
10:08:53.471 [TestNG-test=Test-4] INFO  tests.ValidateNavBarTest - Nav bar displayed
10:08:55.387 [TestNG-test=Test-4] INFO  tests.ValidateNavBarTest - Driver closed
10:08:56.711 [TestNG-test=Test-3] INFO  tests.ValidateTitleTest - ---------------------------
10:08:56.712 [TestNG-test=Test-3] INFO  tests.ValidateTitleTest - Driver is initialized
10:08:56.872 [TestNG-test=Test-3] INFO  tests.ValidateTitleTest - Header text matches
10:08:57.037 [TestNG-test=Test-3] INFO  tests.ValidateTitleTest - Driver closed
10:09:00.091 [TestNG-test=Test-1] INFO  tests.ForgetPasswordTest - ---------------------------
10:09:00.091 [TestNG-test=Test-1] INFO  tests.ForgetPasswordTest - Driver is initialized
10:09:01.884 [TestNG-test=Test-1] INFO  tests.ForgetPasswordTest - Forgot password link works
10:09:02.254 [TestNG-test=Test-1] INFO  tests.ForgetPasswordTest - Driver closed
10:09:02.553 [TestNG-test=Test-2] INFO  tests.LoginTest - ---------------------------
10:09:02.553 [TestNG-test=Test-2] INFO  tests.LoginTest - Driver is initialized
10:09:04.192 [TestNG-test=Test-2] INFO  tests.LoginTest - Logging in with e-mail: komora.aida@gmail.com
10:09:04.514 [TestNG-test=Test-2] ERROR tests.Listeners - login failed to execute
10:09:04.623 [TestNG-test=Test-2] INFO  tests.LoginTest - Driver closed
09:35:26.300 [TestNG-test=Test-2] INFO  tests.LoginTest - ---------------------------
09:35:26.307 [TestNG-test=Test-2] INFO  tests.LoginTest - Driver is initialized
09:35:26.408 [TestNG-test=Test-3] INFO  tests.ValidateTitleTest - ---------------------------
09:35:26.409 [TestNG-test=Test-3] INFO  tests.ValidateTitleTest - Driver is initialized
09:35:26.725 [TestNG-test=Test-3] INFO  tests.ValidateTitleTest - Header text matches
09:35:26.921 [TestNG-test=Test-1] INFO  tests.ForgetPasswordTest - ---------------------------
09:35:26.922 [TestNG-test=Test-1] INFO  tests.ForgetPasswordTest - Driver is initialized
09:35:27.618 [TestNG-test=Test-4] INFO  tests.ValidateNavBarTest - ---------------------------
09:35:27.619 [TestNG-test=Test-4] INFO  tests.ValidateNavBarTest - Driver is initialized
09:35:27.646 [TestNG-test=Test-3] INFO  tests.ValidateTitleTest - Driver closed
09:35:27.729 [TestNG-test=Test-2] INFO  tests.LoginTest - Logging in with e-mail: aidah1803@gmail.com
09:35:27.969 [TestNG-test=Test-4] INFO  tests.ValidateNavBarTest - Nav bar displayed
09:35:28.189 [TestNG-test=Test-2] INFO  tests.LoginTest - Login successful with: aidah1803@gmail.com
09:35:28.411 [TestNG-test=Test-4] INFO  tests.ValidateNavBarTest - Driver closed
09:35:28.719 [TestNG-test=Test-1] INFO  tests.ForgetPasswordTest - Forgot password link works
09:35:28.996 [TestNG-test=Test-2] INFO  tests.LoginTest - Driver closed
09:35:29.532 [TestNG-test=Test-1] INFO  tests.ForgetPasswordTest - Driver closed
09:35:42.093 [TestNG-test=Test-2] INFO  tests.LoginTest - ---------------------------
09:35:42.094 [TestNG-test=Test-2] INFO  tests.LoginTest - Driver is initialized
09:35:48.036 [TestNG-test=Test-2] INFO  tests.LoginTest - Logging in with e-mail: komora.aida@gmail.com
09:35:48.441 [TestNG-test=Test-2] ERROR tests.Listeners - login failed to execute
09:35:48.753 [TestNG-test=Test-2] INFO  tests.LoginTest - Driver closed
11:15:59.980 [TestNG-test=Test-1] INFO  tests.ForgetPasswordTest - ---------------------------
11:15:59.988 [TestNG-test=Test-1] INFO  tests.ForgetPasswordTest - Driver is initialized
11:16:01.966 [TestNG-test=Test-1] INFO  tests.ForgetPasswordTest - Forgot password link works
11:16:02.251 [TestNG-test=Test-1] INFO  tests.ForgetPasswordTest - Driver closed
11:16:15.286 [TestNG-test=Test-2] INFO  tests.LoginTest - ---------------------------
11:16:15.287 [TestNG-test=Test-2] INFO  tests.LoginTest - Driver is initialized
11:16:16.474 [TestNG-test=Test-2] INFO  tests.LoginTest - Logging in with e-mail: aidah1803@gmail.com
11:16:16.723 [TestNG-test=Test-2] INFO  tests.LoginTest - Login successful with: aidah1803@gmail.com
11:16:16.799 [TestNG-test=Test-2] INFO  tests.LoginTest - Driver closed
11:16:24.122 [TestNG-test=Test-4] INFO  tests.ValidateNavBarTest - ---------------------------
11:16:24.122 [TestNG-test=Test-4] INFO  tests.ValidateNavBarTest - Driver is initialized
11:16:24.292 [TestNG-test=Test-4] INFO  tests.ValidateNavBarTest - Nav bar displayed
11:16:24.429 [TestNG-test=Test-4] INFO  tests.ValidateNavBarTest - Driver closed
11:16:24.631 [TestNG-test=Test-3] INFO  tests.ValidateTitleTest - ---------------------------
11:16:24.632 [TestNG-test=Test-3] INFO  tests.ValidateTitleTest - Driver is initialized
11:16:24.747 [TestNG-test=Test-3] INFO  tests.ValidateTitleTest - Header text matches
11:16:28.895 [TestNG-test=Test-3] INFO  tests.ValidateTitleTest - Driver closed
11:16:36.275 [TestNG-test=Test-2] INFO  tests.LoginTest - ---------------------------
11:16:36.276 [TestNG-test=Test-2] INFO  tests.LoginTest - Driver is initialized
11:16:37.397 [TestNG-test=Test-2] INFO  tests.LoginTest - Logging in with e-mail: komora.aida@gmail.com
11:16:37.689 [TestNG-test=Test-2] ERROR tests.Listeners - login failed to execute
11:16:37.745 [TestNG-test=Test-2] INFO  tests.LoginTest - Driver closed
18:17:25.786 [TestNG-test=Test-4] INFO  tests.ValidateNavBarTest - ---------------------------
18:17:25.793 [TestNG-test=Test-4] INFO  tests.ValidateNavBarTest - Driver is initialized
18:17:26.440 [TestNG-test=Test-4] INFO  tests.ValidateNavBarTest - Nav bar displayed
18:17:26.928 [TestNG-test=Test-4] INFO  tests.ValidateNavBarTest - Driver closed
18:17:34.366 [TestNG-test=Test-1] INFO  tests.ForgetPasswordTest - ---------------------------
18:17:34.367 [TestNG-test=Test-1] INFO  tests.ForgetPasswordTest - Driver is initialized
18:17:44.863 [TestNG-test=Test-1] ERROR tests.Listeners - resetPass failed to execute
18:17:44.980 [TestNG-test=Test-1] INFO  tests.ForgetPasswordTest - Driver closed
18:18:04.975 [TestNG-test=Test-2] INFO  tests.LoginTest - ---------------------------
18:18:04.975 [TestNG-test=Test-2] INFO  tests.LoginTest - Driver is initialized
18:18:05.792 [TestNG-test=Test-3] INFO  tests.ValidateTitleTest - ---------------------------
18:18:05.792 [TestNG-test=Test-3] INFO  tests.ValidateTitleTest - Driver is initialized
18:18:05.965 [TestNG-test=Test-3] INFO  tests.ValidateTitleTest - Header text matches
18:18:06.111 [TestNG-test=Test-3] INFO  tests.ValidateTitleTest - Driver closed
18:18:06.694 [TestNG-test=Test-2] INFO  tests.LoginTest - Logging in with e-mail: aidah1803@gmail.com
18:18:06.927 [TestNG-test=Test-2] INFO  tests.LoginTest - Login successful with: aidah1803@gmail.com
18:18:06.985 [TestNG-test=Test-2] INFO  tests.LoginTest - Driver closed
18:18:39.454 [TestNG-test=Test-2] INFO  tests.LoginTest - ---------------------------
18:18:39.455 [TestNG-test=Test-2] INFO  tests.LoginTest - Driver is initialized
18:18:40.738 [TestNG-test=Test-2] INFO  tests.LoginTest - Logging in with e-mail: komora.aida@gmail.com
18:18:40.968 [TestNG-test=Test-2] ERROR tests.Listeners - login failed to execute
18:18:41.030 [TestNG-test=Test-2] INFO  tests.LoginTest - Driver closed
09:13:27.832 [TestNG-test=Test-4] INFO  tests.ValidateNavBarTest - ---------------------------
09:13:27.840 [TestNG-test=Test-4] INFO  tests.ValidateNavBarTest - Driver is initialized
09:13:30.019 [TestNG-test=Test-1] INFO  tests.ForgetPasswordTest - ---------------------------
09:13:30.019 [TestNG-test=Test-1] INFO  tests.ForgetPasswordTest - Driver is initialized
09:13:30.491 [TestNG-test=Test-4] INFO  tests.ValidateNavBarTest - Nav bar displayed
09:13:31.291 [TestNG-test=Test-3] INFO  tests.ValidateTitleTest - ---------------------------
09:13:31.291 [TestNG-test=Test-3] INFO  tests.ValidateTitleTest - Driver is initialized
09:13:31.505 [TestNG-test=Test-3] INFO  tests.ValidateTitleTest - Header text matches
09:13:31.716 [TestNG-test=Test-3] INFO  tests.ValidateTitleTest - Driver closed
09:13:32.068 [TestNG-test=Test-1] INFO  tests.ForgetPasswordTest - Forgot password link works
09:13:32.260 [TestNG-test=Test-1] INFO  tests.ForgetPasswordTest - Driver closed
09:13:34.704 [TestNG-test=Test-4] INFO  tests.ValidateNavBarTest - Driver closed
09:13:35.297 [TestNG-test=Test-2] INFO  tests.LoginTest - ---------------------------
09:13:35.297 [TestNG-test=Test-2] INFO  tests.LoginTest - Driver is initialized
09:13:36.541 [TestNG-test=Test-2] INFO  tests.LoginTest - Logging in with e-mail: aidah1803@gmail.com
09:13:36.690 [TestNG-test=Test-2] INFO  tests.LoginTest - Login successful with: aidah1803@gmail.com
09:13:36.778 [TestNG-test=Test-2] INFO  tests.LoginTest - Driver closed
09:13:56.103 [TestNG-test=Test-2] INFO  tests.LoginTest - ---------------------------
09:13:56.103 [TestNG-test=Test-2] INFO  tests.LoginTest - Driver is initialized
09:13:57.497 [TestNG-test=Test-2] INFO  tests.LoginTest - Logging in with e-mail: komora.aida@gmail.com
09:13:57.745 [TestNG-test=Test-2] ERROR tests.Listeners - login failed to execute
09:13:57.801 [TestNG-test=Test-2] INFO  tests.LoginTest - Driver closed
09:54:11.644 [TestNG-test=Test-4] INFO  tests.ValidateNavBarTest - ---------------------------
09:54:11.656 [TestNG-test=Test-4] INFO  tests.ValidateNavBarTest - Driver is initialized
09:54:11.927 [TestNG-test=Test-4] INFO  tests.ValidateNavBarTest - Nav bar displayed
09:54:12.257 [TestNG-test=Test-4] INFO  tests.ValidateNavBarTest - Driver closed
09:54:29.684 [TestNG-test=Test-2] INFO  tests.LoginTest - ---------------------------
09:54:29.685 [TestNG-test=Test-2] INFO  tests.LoginTest - Driver is initialized
09:54:31.038 [TestNG-test=Test-2] INFO  tests.LoginTest - Logging in with e-mail: aidah1803@gmail.com
09:54:31.294 [TestNG-test=Test-2] INFO  tests.LoginTest - Login successful with: aidah1803@gmail.com
09:54:31.399 [TestNG-test=Test-2] INFO  tests.LoginTest - Driver closed
09:54:32.902 [TestNG-test=Test-1] INFO  tests.ForgetPasswordTest - ---------------------------
09:54:32.902 [TestNG-test=Test-1] INFO  tests.ForgetPasswordTest - Driver is initialized
09:54:35.109 [TestNG-test=Test-1] INFO  tests.ForgetPasswordTest - Forgot password link works
09:54:35.285 [TestNG-test=Test-1] INFO  tests.ForgetPasswordTest - Driver closed
09:55:12.051 [TestNG-test=Test-2] INFO  tests.LoginTest - ---------------------------
09:55:12.051 [TestNG-test=Test-2] INFO  tests.LoginTest - Driver is initialized
09:55:13.574 [TestNG-test=Test-3] INFO  tests.ValidateTitleTest - ---------------------------
09:55:13.575 [TestNG-test=Test-3] INFO  tests.ValidateTitleTest - Driver is initialized
09:55:13.654 [TestNG-test=Test-2] INFO  tests.LoginTest - Logging in with e-mail: komora.aida@gmail.com
09:55:13.897 [TestNG-test=Test-3] INFO  tests.ValidateTitleTest - Header text matches
09:55:14.066 [TestNG-test=Test-3] INFO  tests.ValidateTitleTest - Driver closed
09:55:14.194 [TestNG-test=Test-2] ERROR tests.Listeners - login failed to execute
09:55:14.289 [TestNG-test=Test-2] INFO  tests.LoginTest - Driver closed
11:53:55.891 [TestNG-test=Test-3] INFO  tests.ValidateTitleTest - ---------------------------
11:53:55.907 [TestNG-test=Test-3] INFO  tests.ValidateTitleTest - Driver is initialized
11:53:56.174 [TestNG-test=Test-3] INFO  tests.ValidateTitleTest - Header text matches
11:53:56.322 [TestNG-test=Test-3] INFO  tests.ValidateTitleTest - Driver closed
11:54:07.997 [TestNG-test=Test-2] INFO  tests.LoginTest - ---------------------------
11:54:07.997 [TestNG-test=Test-2] INFO  tests.LoginTest - Driver is initialized
11:54:09.488 [TestNG-test=Test-2] INFO  tests.LoginTest - Logging in with e-mail: aidah1803@gmail.com
11:54:09.896 [TestNG-test=Test-2] INFO  tests.LoginTest - Login successful with: aidah1803@gmail.com
11:54:10.178 [TestNG-test=Test-2] INFO  tests.LoginTest - Driver closed
11:54:19.987 [TestNG-test=Test-4] INFO  tests.ValidateNavBarTest - ---------------------------
11:54:19.987 [TestNG-test=Test-4] INFO  tests.ValidateNavBarTest - Driver is initialized
11:54:20.501 [TestNG-test=Test-4] INFO  tests.ValidateNavBarTest - Nav bar displayed
11:54:20.795 [TestNG-test=Test-1] INFO  tests.ForgetPasswordTest - ---------------------------
11:54:20.796 [TestNG-test=Test-1] INFO  tests.ForgetPasswordTest - Driver is initialized
11:54:22.097 [TestNG-test=Test-4] INFO  tests.ValidateNavBarTest - Driver closed
11:54:25.391 [TestNG-test=Test-1] INFO  tests.ForgetPasswordTest - Forgot password link works
11:54:25.800 [TestNG-test=Test-1] INFO  tests.ForgetPasswordTest - Driver closed
11:54:38.711 [TestNG-test=Test-2] INFO  tests.LoginTest - ---------------------------
11:54:38.712 [TestNG-test=Test-2] INFO  tests.LoginTest - Driver is initialized
11:54:41.956 [TestNG-test=Test-2] INFO  tests.LoginTest - Logging in with e-mail: komora.aida@gmail.com
11:54:42.483 [TestNG-test=Test-2] ERROR tests.Listeners - login failed to execute
11:54:42.656 [TestNG-test=Test-2] INFO  tests.LoginTest - Driver closed
09:05:47.648 [TestNG-test=Test-4] INFO  tests.ValidateNavBarTest - ---------------------------
09:05:47.658 [TestNG-test=Test-4] INFO  tests.ValidateNavBarTest - Driver is initialized
09:05:48.146 [TestNG-test=Test-4] INFO  tests.ValidateNavBarTest - Nav bar displayed
09:05:49.100 [TestNG-test=Test-4] INFO  tests.ValidateNavBarTest - Driver closed
09:06:20.712 [TestNG-test=Test-3] INFO  tests.ValidateTitleTest - ---------------------------
09:06:20.712 [TestNG-test=Test-3] INFO  tests.ValidateTitleTest - Driver is initialized
09:06:21.039 [TestNG-test=Test-3] INFO  tests.ValidateTitleTest - Header text matches
09:06:21.223 [TestNG-test=Test-3] INFO  tests.ValidateTitleTest - Driver closed
09:06:23.542 [TestNG-test=Test-2] INFO  tests.LoginTest - ---------------------------
09:06:23.542 [TestNG-test=Test-2] INFO  tests.LoginTest - Driver is initialized
09:06:25.116 [TestNG-test=Test-2] INFO  tests.LoginTest - Logging in with e-mail: aidah1803@gmail.com
09:06:25.493 [TestNG-test=Test-2] INFO  tests.LoginTest - Login successful with: aidah1803@gmail.com
09:06:25.544 [TestNG-test=Test-2] INFO  tests.LoginTest - Driver closed
09:06:43.600 [TestNG-test=Test-1] INFO  tests.ForgetPasswordTest - ---------------------------
09:06:43.602 [TestNG-test=Test-1] INFO  tests.ForgetPasswordTest - Driver is initialized
09:06:44.690 [TestNG-test=Test-2] INFO  tests.LoginTest - ---------------------------
09:06:44.690 [TestNG-test=Test-2] INFO  tests.LoginTest - Driver is initialized
09:06:45.660 [TestNG-test=Test-1] INFO  tests.ForgetPasswordTest - Forgot password link works
09:06:46.191 [TestNG-test=Test-1] INFO  tests.ForgetPasswordTest - Driver closed
09:06:46.293 [TestNG-test=Test-2] INFO  tests.LoginTest - Logging in with e-mail: komora.aida@gmail.com
09:06:46.886 [TestNG-test=Test-2] ERROR tests.Listeners - login failed to execute
09:06:47.045 [TestNG-test=Test-2] INFO  tests.LoginTest - Driver closed
09:05:51.984 [TestNG-test=Test-1] INFO  tests.ForgetPasswordTest - ---------------------------
09:05:51.998 [TestNG-test=Test-1] INFO  tests.ForgetPasswordTest - Driver is initialized
09:05:53.962 [TestNG-test=Test-1] INFO  tests.ForgetPasswordTest - Forgot password link works
09:05:54.268 [TestNG-test=Test-3] INFO  tests.ValidateTitleTest - ---------------------------
09:05:54.269 [TestNG-test=Test-3] INFO  tests.ValidateTitleTest - Driver is initialized
09:05:54.433 [TestNG-test=Test-1] INFO  tests.ForgetPasswordTest - Driver closed
09:05:54.602 [TestNG-test=Test-3] INFO  tests.ValidateTitleTest - Header text matches
09:05:54.747 [TestNG-test=Test-3] INFO  tests.ValidateTitleTest - Driver closed
09:06:03.243 [TestNG-test=Test-2] INFO  tests.LoginTest - ---------------------------
09:06:03.243 [TestNG-test=Test-2] INFO  tests.LoginTest - Driver is initialized
09:06:04.722 [TestNG-test=Test-2] INFO  tests.LoginTest - Logging in with e-mail: aidah1803@gmail.com
09:06:05.030 [TestNG-test=Test-2] INFO  tests.LoginTest - Login successful with: aidah1803@gmail.com
09:06:05.110 [TestNG-test=Test-2] INFO  tests.LoginTest - Driver closed
09:06:47.634 [TestNG-test=Test-4] INFO  tests.ValidateNavBarTest - ---------------------------
09:06:47.637 [TestNG-test=Test-4] INFO  tests.ValidateNavBarTest - Driver is initialized
09:06:47.910 [TestNG-test=Test-4] INFO  tests.ValidateNavBarTest - Nav bar displayed
09:06:48.062 [TestNG-test=Test-4] INFO  tests.ValidateNavBarTest - Driver closed
09:06:50.461 [TestNG-test=Test-2] INFO  tests.LoginTest - ---------------------------
09:06:50.461 [TestNG-test=Test-2] INFO  tests.LoginTest - Driver is initialized
09:06:51.879 [TestNG-test=Test-2] INFO  tests.LoginTest - Logging in with e-mail: komora.aida@gmail.com
09:06:52.425 [TestNG-test=Test-2] ERROR tests.Listeners - login failed to execute
09:06:52.525 [TestNG-test=Test-2] INFO  tests.LoginTest - Driver closed
09:05:57.005 [TestNG-test=Test-1] INFO  tests.ForgetPasswordTest - ---------------------------
09:05:57.015 [TestNG-test=Test-1] INFO  tests.ForgetPasswordTest - Driver is initialized
09:06:01.614 [TestNG-test=Test-1] INFO  tests.ForgetPasswordTest - Forgot password link works
09:06:01.983 [TestNG-test=Test-1] INFO  tests.ForgetPasswordTest - Driver closed
09:06:06.476 [TestNG-test=Test-2] INFO  tests.LoginTest - ---------------------------
09:06:06.476 [TestNG-test=Test-2] INFO  tests.LoginTest - Driver is initialized
09:06:09.555 [TestNG-test=Test-2] INFO  tests.LoginTest - Logging in with e-mail: aidah1803@gmail.com
09:06:09.815 [TestNG-test=Test-2] INFO  tests.LoginTest - Login successful with: aidah1803@gmail.com
09:06:09.900 [TestNG-test=Test-2] INFO  tests.LoginTest - Driver closed
09:06:15.866 [TestNG-test=Test-4] INFO  tests.ValidateNavBarTest - ---------------------------
09:06:15.866 [TestNG-test=Test-4] INFO  tests.ValidateNavBarTest - Driver is initialized
09:06:16.026 [TestNG-test=Test-4] INFO  tests.ValidateNavBarTest - Nav bar displayed
09:06:16.088 [TestNG-test=Test-4] INFO  tests.ValidateNavBarTest - Driver closed
09:06:21.499 [TestNG-test=Test-3] INFO  tests.ValidateTitleTest - ---------------------------
09:06:21.499 [TestNG-test=Test-3] INFO  tests.ValidateTitleTest - Driver is initialized
09:06:21.623 [TestNG-test=Test-3] INFO  tests.ValidateTitleTest - Header text matches
09:06:21.769 [TestNG-test=Test-3] INFO  tests.ValidateTitleTest - Driver closed
09:06:41.954 [TestNG-test=Test-2] INFO  tests.LoginTest - ---------------------------
09:06:41.954 [TestNG-test=Test-2] INFO  tests.LoginTest - Driver is initialized
09:06:47.911 [TestNG-test=Test-2] INFO  tests.LoginTest - Logging in with e-mail: komora.aida@gmail.com
09:06:48.448 [TestNG-test=Test-2] ERROR tests.Listeners - login failed to execute
09:06:48.534 [TestNG-test=Test-2] INFO  tests.LoginTest - Driver closed
11:00:00.241 [TestNG-test=Test-2] INFO  tests.LoginTest - ---------------------------
11:00:00.249 [TestNG-test=Test-2] INFO  tests.LoginTest - Driver is initialized
11:00:01.688 [TestNG-test=Test-2] INFO  tests.LoginTest - Logging in with e-mail: aidah1803@gmail.com
11:00:01.990 [TestNG-test=Test-2] INFO  tests.LoginTest - Login successful with: aidah1803@gmail.com
11:00:02.102 [TestNG-test=Test-2] INFO  tests.LoginTest - Driver closed
11:00:16.168 [TestNG-test=Test-4] INFO  tests.ValidateNavBarTest - ---------------------------
11:00:16.176 [TestNG-test=Test-4] INFO  tests.ValidateNavBarTest - Driver is initialized
11:00:16.344 [TestNG-test=Test-4] INFO  tests.ValidateNavBarTest - Nav bar displayed
11:00:16.490 [TestNG-test=Test-4] INFO  tests.ValidateNavBarTest - Driver closed
11:00:34.877 [TestNG-test=Test-2] INFO  tests.LoginTest - ---------------------------
11:00:34.877 [TestNG-test=Test-2] INFO  tests.LoginTest - Driver is initialized
11:00:36.708 [TestNG-test=Test-2] INFO  tests.LoginTest - Logging in with e-mail: komora.aida@gmail.com
11:00:37.213 [TestNG-test=Test-2] ERROR tests.Listeners - login failed to execute
11:00:37.293 [TestNG-test=Test-2] INFO  tests.LoginTest - Driver closed
11:00:37.774 [TestNG-test=Test-1] INFO  tests.ForgetPasswordTest - ---------------------------
11:00:37.774 [TestNG-test=Test-1] INFO  tests.ForgetPasswordTest - Driver is initialized
11:00:39.640 [TestNG-test=Test-1] INFO  tests.ForgetPasswordTest - Forgot password link works
11:00:39.971 [TestNG-test=Test-1] INFO  tests.ForgetPasswordTest - Driver closed
11:00:50.937 [TestNG-test=Test-3] INFO  tests.ValidateTitleTest - ---------------------------
11:00:50.937 [TestNG-test=Test-3] INFO  tests.ValidateTitleTest - Driver is initialized
11:00:51.073 [TestNG-test=Test-3] INFO  tests.ValidateTitleTest - Header text matches
11:00:51.269 [TestNG-test=Test-3] INFO  tests.ValidateTitleTest - Driver closed
11:07:11.086 [TestNG-test=Test-2] INFO  tests.LoginTest - ---------------------------
11:07:11.094 [TestNG-test=Test-2] INFO  tests.LoginTest - Driver is initialized
11:07:13.710 [TestNG-test=Test-2] INFO  tests.LoginTest - Logging in with e-mail: aidah1803@gmail.com
11:07:14.472 [TestNG-test=Test-2] INFO  tests.LoginTest - Login successful with: aidah1803@gmail.com
11:07:19.088 [TestNG-test=Test-2] INFO  tests.LoginTest - Driver closed
11:07:27.314 [TestNG-test=Test-1] INFO  tests.ForgetPasswordTest - ---------------------------
11:07:27.317 [TestNG-test=Test-1] INFO  tests.ForgetPasswordTest - Driver is initialized
11:07:28.588 [TestNG-test=Test-3] INFO  tests.ValidateTitleTest - ---------------------------
11:07:28.588 [TestNG-test=Test-3] INFO  tests.ValidateTitleTest - Driver is initialized
11:07:30.111 [TestNG-test=Test-3] INFO  tests.ValidateTitleTest - Header text matches
11:07:31.078 [TestNG-test=Test-1] INFO  tests.ForgetPasswordTest - Forgot password link works
11:07:35.045 [TestNG-test=Test-3] INFO  tests.ValidateTitleTest - Driver closed
11:07:36.625 [TestNG-test=Test-1] INFO  tests.ForgetPasswordTest - Driver closed
11:07:45.831 [TestNG-test=Test-2] INFO  tests.LoginTest - ---------------------------
11:07:45.831 [TestNG-test=Test-2] INFO  tests.LoginTest - Driver is initialized
11:07:50.397 [TestNG-test=Test-2] INFO  tests.LoginTest - Logging in with e-mail: komora.aida@gmail.com
11:07:50.839 [TestNG-test=Test-2] ERROR tests.Listeners - login failed to execute
11:07:51.070 [TestNG-test=Test-4] INFO  tests.ValidateNavBarTest - ---------------------------
11:07:51.070 [TestNG-test=Test-4] INFO  tests.ValidateNavBarTest - Driver is initialized
11:07:51.598 [TestNG-test=Test-4] INFO  tests.ValidateNavBarTest - Nav bar displayed
11:07:51.951 [TestNG-test=Test-2] INFO  tests.LoginTest - Driver closed
11:07:52.020 [TestNG-test=Test-4] INFO  tests.ValidateNavBarTest - Driver closed
09:05:33.259 [TestNG-test=Test-2] INFO  tests.LoginTest - ---------------------------
09:05:33.268 [TestNG-test=Test-2] INFO  tests.LoginTest - Driver is initialized
09:05:34.901 [TestNG-test=Test-2] INFO  tests.LoginTest - Logging in with e-mail: aidah1803@gmail.com
09:05:35.302 [TestNG-test=Test-2] INFO  tests.LoginTest - Login successful with: aidah1803@gmail.com
09:05:35.471 [TestNG-test=Test-2] INFO  tests.LoginTest - Driver closed
09:05:49.087 [TestNG-test=Test-1] INFO  tests.ForgetPasswordTest - ---------------------------
09:05:49.087 [TestNG-test=Test-1] INFO  tests.ForgetPasswordTest - Driver is initialized
09:05:50.936 [TestNG-test=Test-1] INFO  tests.ForgetPasswordTest - Forgot password link works
09:05:51.384 [TestNG-test=Test-1] INFO  tests.ForgetPasswordTest - Driver closed
09:05:53.402 [TestNG-test=Test-3] INFO  tests.ValidateTitleTest - ---------------------------
09:05:53.402 [TestNG-test=Test-3] INFO  tests.ValidateTitleTest - Driver is initialized
09:05:53.480 [TestNG-test=Test-4] INFO  tests.ValidateNavBarTest - ---------------------------
09:05:53.480 [TestNG-test=Test-4] INFO  tests.ValidateNavBarTest - Driver is initialized
09:05:53.729 [TestNG-test=Test-3] INFO  tests.ValidateTitleTest - Header text matches
09:05:53.833 [TestNG-test=Test-4] INFO  tests.ValidateNavBarTest - Nav bar displayed
09:05:53.975 [TestNG-test=Test-4] INFO  tests.ValidateNavBarTest - Driver closed
09:05:54.803 [TestNG-test=Test-2] INFO  tests.LoginTest - ---------------------------
09:05:54.803 [TestNG-test=Test-2] INFO  tests.LoginTest - Driver is initialized
09:05:56.181 [TestNG-test=Test-2] INFO  tests.LoginTest - Logging in with e-mail: komora.aida@gmail.com
09:05:56.668 [TestNG-test=Test-2] ERROR tests.Listeners - login failed to execute
09:05:56.775 [TestNG-test=Test-2] INFO  tests.LoginTest - Driver closed
09:05:57.840 [TestNG-test=Test-3] INFO  tests.ValidateTitleTest - Driver closed
10:12:37.012 [TestNG-test=Test-1] INFO  tests.ForgetPasswordTest - ---------------------------
10:12:37.016 [TestNG-test=Test-1] INFO  tests.ForgetPasswordTest - Driver is initialized
10:12:41.225 [TestNG-test=Test-1] INFO  tests.ForgetPasswordTest - Forgot password link works
10:12:41.430 [TestNG-test=Test-1] INFO  tests.ForgetPasswordTest - Driver closed
10:13:16.618 [TestNG-test=Test-4] INFO  tests.ValidateNavBarTest - ---------------------------
10:13:16.619 [TestNG-test=Test-4] INFO  tests.ValidateNavBarTest - Driver is initialized
10:13:16.816 [TestNG-test=Test-4] INFO  tests.ValidateNavBarTest - Nav bar displayed
10:13:16.916 [TestNG-test=Test-4] INFO  tests.ValidateNavBarTest - Driver closed
10:13:26.766 [TestNG-test=Test-3] INFO  tests.ValidateTitleTest - ---------------------------
10:13:26.766 [TestNG-test=Test-3] INFO  tests.ValidateTitleTest - Driver is initialized
10:13:26.932 [TestNG-test=Test-3] INFO  tests.ValidateTitleTest - Header text matches
10:13:27.023 [TestNG-test=Test-3] INFO  tests.ValidateTitleTest - Driver closed
10:14:06.695 [TestNG-test=Test-2] INFO  tests.LoginTest - ---------------------------
10:14:06.695 [TestNG-test=Test-2] INFO  tests.LoginTest - Driver is initialized
10:14:07.998 [TestNG-test=Test-2] INFO  tests.LoginTest - Logging in with e-mail: aidah1803@gmail.com
10:14:08.165 [TestNG-test=Test-2] INFO  tests.LoginTest - Login successful with: aidah1803@gmail.com
