11:29:54.900 [TestNG-test=Test-2] INFO  tests.LoginTest - ---------------------------
11:29:54.903 [TestNG-test=Test-2] INFO  tests.LoginTest - Driver is initialized
11:29:56.218 [TestNG-test=Test-2] INFO  tests.LoginTest - Logging in with e-mail: aidah1803@gmail.com
11:29:56.422 [TestNG-test=Test-2] INFO  tests.LoginTest - Login successful with: aidah1803@gmail.com
11:29:56.522 [TestNG-test=Test-2] INFO  tests.LoginTest - Driver closed
11:30:10.015 [TestNG-test=Test-3] INFO  tests.ValidateTitleTest - ---------------------------
11:30:10.016 [TestNG-test=Test-3] INFO  tests.ValidateTitleTest - Driver is initialized
11:30:10.151 [TestNG-test=Test-3] INFO  tests.ValidateTitleTest - Header text matches
11:30:10.248 [TestNG-test=Test-3] INFO  tests.ValidateTitleTest - Driver closed
11:30:10.547 [TestNG-test=Test-1] INFO  tests.ForgetPasswordTest - ---------------------------
11:30:10.547 [TestNG-test=Test-1] INFO  tests.ForgetPasswordTest - Driver is initialized
11:30:11.242 [TestNG-test=Test-4] INFO  tests.ValidateNavBarTest - ---------------------------
11:30:11.242 [TestNG-test=Test-4] INFO  tests.ValidateNavBarTest - Driver is initialized
11:30:11.435 [TestNG-test=Test-4] INFO  tests.ValidateNavBarTest - Nav bar displayed
11:30:11.545 [TestNG-test=Test-4] INFO  tests.ValidateNavBarTest - Driver closed
11:30:12.114 [TestNG-test=Test-1] INFO  tests.ForgetPasswordTest - Forgot password link works
11:30:12.302 [TestNG-test=Test-1] INFO  tests.ForgetPasswordTest - Driver closed
11:30:31.222 [TestNG-test=Test-2] INFO  tests.LoginTest - ---------------------------
11:30:31.223 [TestNG-test=Test-2] INFO  tests.LoginTest - Driver is initialized
11:30:32.575 [TestNG-test=Test-2] INFO  tests.LoginTest - Logging in with e-mail: komora.aida@gmail.com
11:30:32.829 [TestNG-test=Test-2] ERROR tests.Listeners - login failed to execute
11:30:32.909 [TestNG-test=Test-2] INFO  tests.LoginTest - Driver closed
09:05:11.250 [TestNG-test=Test-4] INFO  tests.ValidateNavBarTest - ---------------------------
09:05:11.258 [TestNG-test=Test-4] INFO  tests.ValidateNavBarTest - Driver is initialized
09:05:11.468 [TestNG-test=Test-4] INFO  tests.ValidateNavBarTest - Nav bar displayed
09:05:11.553 [TestNG-test=Test-4] INFO  tests.ValidateNavBarTest - Driver closed
09:05:11.738 [TestNG-test=Test-2] INFO  tests.LoginTest - ---------------------------
09:05:11.739 [TestNG-test=Test-2] INFO  tests.LoginTest - Driver is initialized
09:05:12.380 [TestNG-test=Test-3] INFO  tests.ValidateTitleTest - ---------------------------
09:05:12.381 [TestNG-test=Test-3] INFO  tests.ValidateTitleTest - Driver is initialized
09:05:12.545 [TestNG-test=Test-3] INFO  tests.ValidateTitleTest - Header text matches
09:05:12.650 [TestNG-test=Test-1] INFO  tests.ForgetPasswordTest - ---------------------------
09:05:12.650 [TestNG-test=Test-1] INFO  tests.ForgetPasswordTest - Driver is initialized
09:05:12.683 [TestNG-test=Test-3] INFO  tests.ValidateTitleTest - Driver closed
09:05:13.067 [TestNG-test=Test-2] INFO  tests.LoginTest - Logging in with e-mail: aidah1803@gmail.com
09:05:13.278 [TestNG-test=Test-2] INFO  tests.LoginTest - Login successful with: aidah1803@gmail.com
09:05:13.355 [TestNG-test=Test-2] INFO  tests.LoginTest - Driver closed
09:05:14.360 [TestNG-test=Test-1] INFO  tests.ForgetPasswordTest - Forgot password link works
09:05:14.718 [TestNG-test=Test-1] INFO  tests.ForgetPasswordTest - Driver closed
09:05:31.361 [TestNG-test=Test-2] INFO  tests.LoginTest - ---------------------------
09:05:31.361 [TestNG-test=Test-2] INFO  tests.LoginTest - Driver is initialized
09:05:32.647 [TestNG-test=Test-2] INFO  tests.LoginTest - Logging in with e-mail: komora.aida@gmail.com
09:05:32.932 [TestNG-test=Test-2] ERROR tests.Listeners - login failed to execute
09:05:33.001 [TestNG-test=Test-2] INFO  tests.LoginTest - Driver closed
